{"/Users/kevintseng/Docker-Storm/dist/client/App.jsx": {"path":"/Users/kevintseng/Docker-Storm/dist/client/App.jsx","statementMap":{"0":{"start":{"line":5,"column":12},"end":{"line":49,"column":1}},"1":{"start":{"line":6,"column":32},"end":{"line":6,"column":44}},"2":{"start":{"line":8,"column":21},"end":{"line":27,"column":9}},"3":{"start":{"line":28,"column":8},"end":{"line":38,"column":11}},"4":{"start":{"line":35,"column":28},"end":{"line":35,"column":39}},"5":{"start":{"line":37,"column":12},"end":{"line":37,"column":37}},"6":{"start":{"line":40,"column":4},"end":{"line":42,"column":11}},"7":{"start":{"line":41,"column":8},"end":{"line":41,"column":29}},"8":{"start":{"line":43,"column":4},"end":{"line":48,"column":19}}},"fnMap":{"0":{"name":"(anonymous_0)","decl":{"start":{"line":5,"column":12},"end":{"line":5,"column":13}},"loc":{"start":{"line":5,"column":18},"end":{"line":49,"column":1}},"line":5},"1":{"name":"intializeDashboard","decl":{"start":{"line":7,"column":13},"end":{"line":7,"column":31}},"loc":{"start":{"line":7,"column":34},"end":{"line":39,"column":5}},"line":7},"2":{"name":"(anonymous_2)","decl":{"start":{"line":35,"column":18},"end":{"line":35,"column":19}},"loc":{"start":{"line":35,"column":28},"end":{"line":35,"column":39}},"line":35},"3":{"name":"(anonymous_3)","decl":{"start":{"line":36,"column":18},"end":{"line":36,"column":19}},"loc":{"start":{"line":36,"column":30},"end":{"line":38,"column":9}},"line":36},"4":{"name":"(anonymous_4)","decl":{"start":{"line":40,"column":14},"end":{"line":40,"column":15}},"loc":{"start":{"line":40,"column":20},"end":{"line":42,"column":5}},"line":40}},"branchMap":{},"s":{"0":1,"1":2,"2":2,"3":2,"4":0,"5":0,"6":2,"7":2,"8":2},"f":{"0":2,"1":2,"2":0,"3":0,"4":2},"b":{},"_coverageSchema":"1a1c01bbd47fc00a2c39e90264f33305004495a9","hash":"52b1743934d3be627bf5f177b10c98cf975f2e3e"}
,"/Users/kevintseng/Docker-Storm/dist/client/RenderViews.jsx": {"path":"/Users/kevintseng/Docker-Storm/dist/client/RenderViews.jsx","statementMap":{"0":{"start":{"line":7,"column":20},"end":{"line":53,"column":1}},"1":{"start":{"line":8,"column":4},"end":{"line":52,"column":9}}},"fnMap":{"0":{"name":"(anonymous_0)","decl":{"start":{"line":7,"column":20},"end":{"line":7,"column":21}},"loc":{"start":{"line":7,"column":31},"end":{"line":53,"column":1}},"line":7}},"branchMap":{},"s":{"0":1,"1":1},"f":{"0":1},"b":{},"_coverageSchema":"1a1c01bbd47fc00a2c39e90264f33305004495a9","hash":"011fb18094612f0ac5d711b053cd1b625a764d6f"}
,"/Users/kevintseng/Docker-Storm/dist/client/pages/login.jsx": {"path":"/Users/kevintseng/Docker-Storm/dist/client/pages/login.jsx","statementMap":{"0":{"start":{"line":3,"column":14},"end":{"line":37,"column":1}},"1":{"start":{"line":4,"column":36},"end":{"line":4,"column":48}},"2":{"start":{"line":5,"column":36},"end":{"line":5,"column":48}},"3":{"start":{"line":6,"column":34},"end":{"line":6,"column":49}},"4":{"start":{"line":7,"column":21},"end":{"line":7,"column":34}},"5":{"start":{"line":9,"column":21},"end":{"line":12,"column":9}},"6":{"start":{"line":13,"column":8},"end":{"line":29,"column":11}},"7":{"start":{"line":19,"column":12},"end":{"line":25,"column":13}},"8":{"start":{"line":20,"column":16},"end":{"line":20,"column":33}},"9":{"start":{"line":22,"column":16},"end":{"line":22,"column":33}},"10":{"start":{"line":23,"column":16},"end":{"line":23,"column":32}},"11":{"start":{"line":24,"column":16},"end":{"line":24,"column":32}},"12":{"start":{"line":28,"column":12},"end":{"line":28,"column":29}},"13":{"start":{"line":31,"column":4},"end":{"line":36,"column":13}},"14":{"start":{"line":31,"column":39},"end":{"line":31,"column":61}},"15":{"start":{"line":32,"column":61},"end":{"line":32,"column":92}},"16":{"start":{"line":33,"column":61},"end":{"line":33,"column":92}}},"fnMap":{"0":{"name":"(anonymous_0)","decl":{"start":{"line":3,"column":14},"end":{"line":3,"column":15}},"loc":{"start":{"line":3,"column":20},"end":{"line":37,"column":1}},"line":3},"1":{"name":"confirmCredentials","decl":{"start":{"line":8,"column":13},"end":{"line":8,"column":31}},"loc":{"start":{"line":8,"column":34},"end":{"line":30,"column":5}},"line":8},"2":{"name":"(anonymous_2)","decl":{"start":{"line":18,"column":18},"end":{"line":18,"column":19}},"loc":{"start":{"line":18,"column":30},"end":{"line":26,"column":9}},"line":18},"3":{"name":"(anonymous_3)","decl":{"start":{"line":27,"column":19},"end":{"line":27,"column":20}},"loc":{"start":{"line":27,"column":28},"end":{"line":29,"column":9}},"line":27},"4":{"name":"(anonymous_4)","decl":{"start":{"line":31,"column":28},"end":{"line":31,"column":29}},"loc":{"start":{"line":31,"column":39},"end":{"line":31,"column":61}},"line":31},"5":{"name":"(anonymous_5)","decl":{"start":{"line":32,"column":52},"end":{"line":32,"column":53}},"loc":{"start":{"line":32,"column":61},"end":{"line":32,"column":92}},"line":32},"6":{"name":"(anonymous_6)","decl":{"start":{"line":33,"column":52},"end":{"line":33,"column":53}},"loc":{"start":{"line":33,"column":61},"end":{"line":33,"column":92}},"line":33}},"branchMap":{"0":{"loc":{"start":{"line":19,"column":12},"end":{"line":25,"column":13}},"type":"if","locations":[{"start":{"line":19,"column":12},"end":{"line":25,"column":13}},{"start":{"line":21,"column":17},"end":{"line":25,"column":13}}],"line":19},"1":{"loc":{"start":{"line":35,"column":7},"end":{"line":35,"column":67}},"type":"binary-expr","locations":[{"start":{"line":35,"column":7},"end":{"line":35,"column":14}},{"start":{"line":35,"column":18},"end":{"line":35,"column":67}}],"line":35}},"s":{"0":1,"1":2,"2":2,"3":2,"4":2,"5":0,"6":0,"7":0,"8":0,"9":0,"10":0,"11":0,"12":0,"13":2,"14":0,"15":0,"16":0},"f":{"0":2,"1":0,"2":0,"3":0,"4":0,"5":0,"6":0},"b":{"0":[0,0],"1":[2,0]},"_coverageSchema":"1a1c01bbd47fc00a2c39e90264f33305004495a9","hash":"002c384f50528d1b6c776058e1d65682a812c977"}
,"/Users/kevintseng/Docker-Storm/dist/client/pages/metrics.jsx": {"path":"/Users/kevintseng/Docker-Storm/dist/client/pages/metrics.jsx","statementMap":{"0":{"start":{"line":2,"column":16},"end":{"line":10,"column":1}},"1":{"start":{"line":3,"column":4},"end":{"line":9,"column":12}}},"fnMap":{"0":{"name":"(anonymous_0)","decl":{"start":{"line":2,"column":16},"end":{"line":2,"column":17}},"loc":{"start":{"line":2,"column":27},"end":{"line":10,"column":1}},"line":2}},"branchMap":{},"s":{"0":1,"1":1},"f":{"0":1},"b":{},"_coverageSchema":"1a1c01bbd47fc00a2c39e90264f33305004495a9","hash":"32bd0be65d5a5ecb56d25d1dbd205f6ca134cd84"}
,"/Users/kevintseng/Docker-Storm/dist/client/pages/settings.js": {"path":"/Users/kevintseng/Docker-Storm/dist/client/pages/settings.js","statementMap":{"0":{"start":{"line":3,"column":17},"end":{"line":30,"column":1}},"1":{"start":{"line":4,"column":36},"end":{"line":4,"column":48}},"2":{"start":{"line":5,"column":42},"end":{"line":5,"column":54}},"3":{"start":{"line":6,"column":48},"end":{"line":6,"column":60}},"4":{"start":{"line":8,"column":8},"end":{"line":27,"column":9}},"5":{"start":{"line":9,"column":12},"end":{"line":9,"column":60}},"6":{"start":{"line":12,"column":25},"end":{"line":12,"column":50}},"7":{"start":{"line":13,"column":12},"end":{"line":26,"column":15}},"8":{"start":{"line":19,"column":16},"end":{"line":25,"column":17}},"9":{"start":{"line":20,"column":20},"end":{"line":20,"column":54}},"10":{"start":{"line":22,"column":20},"end":{"line":22,"column":36}},"11":{"start":{"line":23,"column":20},"end":{"line":23,"column":39}},"12":{"start":{"line":24,"column":20},"end":{"line":24,"column":42}},"13":{"start":{"line":29,"column":4},"end":{"line":29,"column":699}},"14":{"start":{"line":29,"column":144},"end":{"line":29,"column":162}},"15":{"start":{"line":29,"column":278},"end":{"line":29,"column":309}},"16":{"start":{"line":29,"column":416},"end":{"line":29,"column":450}},"17":{"start":{"line":29,"column":560},"end":{"line":29,"column":597}},"18":{"start":{"line":29,"column":650},"end":{"line":29,"column":666}}},"fnMap":{"0":{"name":"(anonymous_0)","decl":{"start":{"line":3,"column":17},"end":{"line":3,"column":18}},"loc":{"start":{"line":3,"column":23},"end":{"line":30,"column":1}},"line":3},"1":{"name":"changePassword","decl":{"start":{"line":7,"column":13},"end":{"line":7,"column":27}},"loc":{"start":{"line":7,"column":30},"end":{"line":28,"column":5}},"line":7},"2":{"name":"(anonymous_2)","decl":{"start":{"line":18,"column":22},"end":{"line":18,"column":23}},"loc":{"start":{"line":18,"column":34},"end":{"line":26,"column":13}},"line":18},"3":{"name":"(anonymous_3)","decl":{"start":{"line":29,"column":137},"end":{"line":29,"column":138}},"loc":{"start":{"line":29,"column":144},"end":{"line":29,"column":162}},"line":29},"4":{"name":"(anonymous_4)","decl":{"start":{"line":29,"column":269},"end":{"line":29,"column":270}},"loc":{"start":{"line":29,"column":278},"end":{"line":29,"column":309}},"line":29},"5":{"name":"(anonymous_5)","decl":{"start":{"line":29,"column":407},"end":{"line":29,"column":408}},"loc":{"start":{"line":29,"column":416},"end":{"line":29,"column":450}},"line":29},"6":{"name":"(anonymous_6)","decl":{"start":{"line":29,"column":551},"end":{"line":29,"column":552}},"loc":{"start":{"line":29,"column":560},"end":{"line":29,"column":597}},"line":29},"7":{"name":"(anonymous_7)","decl":{"start":{"line":29,"column":644},"end":{"line":29,"column":645}},"loc":{"start":{"line":29,"column":650},"end":{"line":29,"column":666}},"line":29}},"branchMap":{"0":{"loc":{"start":{"line":8,"column":8},"end":{"line":27,"column":9}},"type":"if","locations":[{"start":{"line":8,"column":8},"end":{"line":27,"column":9}},{"start":{"line":11,"column":13},"end":{"line":27,"column":9}}],"line":8},"1":{"loc":{"start":{"line":19,"column":16},"end":{"line":25,"column":17}},"type":"if","locations":[{"start":{"line":19,"column":16},"end":{"line":25,"column":17}},{"start":{"line":21,"column":21},"end":{"line":25,"column":17}}],"line":19}},"s":{"0":1,"1":1,"2":1,"3":1,"4":0,"5":0,"6":0,"7":0,"8":0,"9":0,"10":0,"11":0,"12":0,"13":1,"14":0,"15":0,"16":0,"17":0,"18":0},"f":{"0":1,"1":0,"2":0,"3":0,"4":0,"5":0,"6":0,"7":0},"b":{"0":[0,0],"1":[0,0]},"_coverageSchema":"1a1c01bbd47fc00a2c39e90264f33305004495a9","hash":"07cf4bc9cfe62974b6801fa90bd1d4db12a4f085"}
,"/Users/kevintseng/Docker-Storm/dist/client/pages/settings.jsx": {"path":"/Users/kevintseng/Docker-Storm/dist/client/pages/settings.jsx","statementMap":{"0":{"start":{"line":2,"column":17},"end":{"line":38,"column":1}},"1":{"start":{"line":3,"column":36},"end":{"line":3,"column":48}},"2":{"start":{"line":4,"column":42},"end":{"line":4,"column":54}},"3":{"start":{"line":5,"column":48},"end":{"line":5,"column":60}},"4":{"start":{"line":7,"column":8},"end":{"line":26,"column":9}},"5":{"start":{"line":8,"column":12},"end":{"line":8,"column":60}},"6":{"start":{"line":11,"column":25},"end":{"line":11,"column":50}},"7":{"start":{"line":12,"column":12},"end":{"line":25,"column":15}},"8":{"start":{"line":18,"column":16},"end":{"line":24,"column":17}},"9":{"start":{"line":19,"column":20},"end":{"line":19,"column":54}},"10":{"start":{"line":21,"column":20},"end":{"line":21,"column":36}},"11":{"start":{"line":22,"column":20},"end":{"line":22,"column":39}},"12":{"start":{"line":23,"column":20},"end":{"line":23,"column":42}},"13":{"start":{"line":28,"column":4},"end":{"line":37,"column":12}},"14":{"start":{"line":30,"column":29},"end":{"line":30,"column":47}},"15":{"start":{"line":31,"column":98},"end":{"line":31,"column":129}},"16":{"start":{"line":32,"column":97},"end":{"line":32,"column":131}},"17":{"start":{"line":33,"column":100},"end":{"line":33,"column":137}},"18":{"start":{"line":34,"column":45},"end":{"line":34,"column":61}}},"fnMap":{"0":{"name":"(anonymous_0)","decl":{"start":{"line":2,"column":17},"end":{"line":2,"column":18}},"loc":{"start":{"line":2,"column":23},"end":{"line":38,"column":1}},"line":2},"1":{"name":"changePassword","decl":{"start":{"line":6,"column":13},"end":{"line":6,"column":27}},"loc":{"start":{"line":6,"column":30},"end":{"line":27,"column":5}},"line":6},"2":{"name":"(anonymous_2)","decl":{"start":{"line":17,"column":22},"end":{"line":17,"column":23}},"loc":{"start":{"line":17,"column":34},"end":{"line":25,"column":13}},"line":17},"3":{"name":"(anonymous_3)","decl":{"start":{"line":30,"column":22},"end":{"line":30,"column":23}},"loc":{"start":{"line":30,"column":29},"end":{"line":30,"column":47}},"line":30},"4":{"name":"(anonymous_4)","decl":{"start":{"line":31,"column":89},"end":{"line":31,"column":90}},"loc":{"start":{"line":31,"column":98},"end":{"line":31,"column":129}},"line":31},"5":{"name":"(anonymous_5)","decl":{"start":{"line":32,"column":88},"end":{"line":32,"column":89}},"loc":{"start":{"line":32,"column":97},"end":{"line":32,"column":131}},"line":32},"6":{"name":"(anonymous_6)","decl":{"start":{"line":33,"column":91},"end":{"line":33,"column":92}},"loc":{"start":{"line":33,"column":100},"end":{"line":33,"column":137}},"line":33},"7":{"name":"(anonymous_7)","decl":{"start":{"line":34,"column":39},"end":{"line":34,"column":40}},"loc":{"start":{"line":34,"column":45},"end":{"line":34,"column":61}},"line":34}},"branchMap":{"0":{"loc":{"start":{"line":7,"column":8},"end":{"line":26,"column":9}},"type":"if","locations":[{"start":{"line":7,"column":8},"end":{"line":26,"column":9}},{"start":{"line":10,"column":13},"end":{"line":26,"column":9}}],"line":7},"1":{"loc":{"start":{"line":18,"column":16},"end":{"line":24,"column":17}},"type":"if","locations":[{"start":{"line":18,"column":16},"end":{"line":24,"column":17}},{"start":{"line":20,"column":21},"end":{"line":24,"column":17}}],"line":18}},"s":{"0":1,"1":0,"2":0,"3":0,"4":0,"5":0,"6":0,"7":0,"8":0,"9":0,"10":0,"11":0,"12":0,"13":0,"14":0,"15":0,"16":0,"17":0,"18":0},"f":{"0":0,"1":0,"2":0,"3":0,"4":0,"5":0,"6":0,"7":0},"b":{"0":[0,0],"1":[0,0]},"_coverageSchema":"1a1c01bbd47fc00a2c39e90264f33305004495a9","hash":"c616b865481537cb9a1bca727b0b8ecc890da899"}
,"/Users/kevintseng/Docker-Storm/dist/client/pages/swarms.jsx": {"path":"/Users/kevintseng/Docker-Storm/dist/client/pages/swarms.jsx","statementMap":{"0":{"start":{"line":2,"column":15},"end":{"line":4,"column":1}},"1":{"start":{"line":3,"column":4},"end":{"line":3,"column":31}}},"fnMap":{"0":{"name":"(anonymous_0)","decl":{"start":{"line":2,"column":15},"end":{"line":2,"column":16}},"loc":{"start":{"line":2,"column":21},"end":{"line":4,"column":1}},"line":2}},"branchMap":{},"s":{"0":1,"1":1},"f":{"0":1},"b":{},"_coverageSchema":"1a1c01bbd47fc00a2c39e90264f33305004495a9","hash":"7c3520345fff041facebbabe50fd1e23c0ae4bc0"}
,"/Users/kevintseng/Docker-Storm/dist/client/pages/users.jsx": {"path":"/Users/kevintseng/Docker-Storm/dist/client/pages/users.jsx","statementMap":{"0":{"start":{"line":2,"column":14},"end":{"line":66,"column":1}},"1":{"start":{"line":3,"column":36},"end":{"line":3,"column":48}},"2":{"start":{"line":4,"column":36},"end":{"line":4,"column":48}},"3":{"start":{"line":5,"column":28},"end":{"line":5,"column":40}},"4":{"start":{"line":6,"column":36},"end":{"line":6,"column":48}},"5":{"start":{"line":7,"column":50},"end":{"line":7,"column":62}},"6":{"start":{"line":8,"column":28},"end":{"line":10,"column":5}},"7":{"start":{"line":9,"column":8},"end":{"line":9,"column":25}},"8":{"start":{"line":11,"column":22},"end":{"line":17,"column":5}},"9":{"start":{"line":12,"column":8},"end":{"line":16,"column":11}},"10":{"start":{"line":13,"column":28},"end":{"line":13,"column":39}},"11":{"start":{"line":15,"column":12},"end":{"line":15,"column":36}},"12":{"start":{"line":18,"column":23},"end":{"line":46,"column":5}},"13":{"start":{"line":19,"column":8},"end":{"line":21,"column":9}},"14":{"start":{"line":20,"column":12},"end":{"line":20,"column":19}},"15":{"start":{"line":22,"column":21},"end":{"line":26,"column":9}},"16":{"start":{"line":27,"column":8},"end":{"line":45,"column":11}},"17":{"start":{"line":31,"column":12},"end":{"line":39,"column":13}},"18":{"start":{"line":32,"column":36},"end":{"line":32,"column":49}},"19":{"start":{"line":33,"column":32},"end":{"line":36,"column":17}},"20":{"start":{"line":37,"column":16},"end":{"line":37,"column":42}},"21":{"start":{"line":38,"column":16},"end":{"line":38,"column":41}},"22":{"start":{"line":41,"column":12},"end":{"line":41,"column":28}},"23":{"start":{"line":42,"column":12},"end":{"line":42,"column":24}},"24":{"start":{"line":43,"column":12},"end":{"line":43,"column":28}},"25":{"start":{"line":44,"column":12},"end":{"line":44,"column":35}},"26":{"start":{"line":47,"column":4},"end":{"line":49,"column":11}},"27":{"start":{"line":48,"column":8},"end":{"line":48,"column":20}},"28":{"start":{"line":50,"column":23},"end":{"line":54,"column":6}},"29":{"start":{"line":51,"column":25},"end":{"line":51,"column":38}},"30":{"start":{"line":52,"column":21},"end":{"line":52,"column":30}},"31":{"start":{"line":53,"column":8},"end":{"line":53,"column":62}},"32":{"start":{"line":55,"column":4},"end":{"line":65,"column":9}},"33":{"start":{"line":58,"column":27},"end":{"line":58,"column":45}},"34":{"start":{"line":59,"column":86},"end":{"line":59,"column":117}},"35":{"start":{"line":60,"column":78},"end":{"line":60,"column":105}},"36":{"start":{"line":61,"column":86},"end":{"line":61,"column":117}},"37":{"start":{"line":62,"column":101},"end":{"line":62,"column":139}}},"fnMap":{"0":{"name":"(anonymous_0)","decl":{"start":{"line":2,"column":14},"end":{"line":2,"column":15}},"loc":{"start":{"line":2,"column":20},"end":{"line":66,"column":1}},"line":2},"1":{"name":"(anonymous_1)","decl":{"start":{"line":8,"column":28},"end":{"line":8,"column":29}},"loc":{"start":{"line":8,"column":37},"end":{"line":10,"column":5}},"line":8},"2":{"name":"(anonymous_2)","decl":{"start":{"line":11,"column":22},"end":{"line":11,"column":23}},"loc":{"start":{"line":11,"column":28},"end":{"line":17,"column":5}},"line":11},"3":{"name":"(anonymous_3)","decl":{"start":{"line":13,"column":18},"end":{"line":13,"column":19}},"loc":{"start":{"line":13,"column":28},"end":{"line":13,"column":39}},"line":13},"4":{"name":"(anonymous_4)","decl":{"start":{"line":14,"column":18},"end":{"line":14,"column":19}},"loc":{"start":{"line":14,"column":30},"end":{"line":16,"column":9}},"line":14},"5":{"name":"(anonymous_5)","decl":{"start":{"line":18,"column":23},"end":{"line":18,"column":24}},"loc":{"start":{"line":18,"column":29},"end":{"line":46,"column":5}},"line":18},"6":{"name":"(anonymous_6)","decl":{"start":{"line":30,"column":16},"end":{"line":30,"column":17}},"loc":{"start":{"line":30,"column":30},"end":{"line":40,"column":9}},"line":30},"7":{"name":"(anonymous_7)","decl":{"start":{"line":40,"column":16},"end":{"line":40,"column":17}},"loc":{"start":{"line":40,"column":22},"end":{"line":45,"column":9}},"line":40},"8":{"name":"(anonymous_8)","decl":{"start":{"line":47,"column":14},"end":{"line":47,"column":15}},"loc":{"start":{"line":47,"column":20},"end":{"line":49,"column":5}},"line":47},"9":{"name":"(anonymous_9)","decl":{"start":{"line":50,"column":36},"end":{"line":50,"column":37}},"loc":{"start":{"line":50,"column":44},"end":{"line":54,"column":5}},"line":50},"10":{"name":"(anonymous_10)","decl":{"start":{"line":58,"column":22},"end":{"line":58,"column":23}},"loc":{"start":{"line":58,"column":27},"end":{"line":58,"column":45}},"line":58},"11":{"name":"(anonymous_11)","decl":{"start":{"line":59,"column":77},"end":{"line":59,"column":78}},"loc":{"start":{"line":59,"column":86},"end":{"line":59,"column":117}},"line":59},"12":{"name":"(anonymous_12)","decl":{"start":{"line":60,"column":69},"end":{"line":60,"column":70}},"loc":{"start":{"line":60,"column":78},"end":{"line":60,"column":105}},"line":60},"13":{"name":"(anonymous_13)","decl":{"start":{"line":61,"column":77},"end":{"line":61,"column":78}},"loc":{"start":{"line":61,"column":86},"end":{"line":61,"column":117}},"line":61},"14":{"name":"(anonymous_14)","decl":{"start":{"line":62,"column":92},"end":{"line":62,"column":93}},"loc":{"start":{"line":62,"column":101},"end":{"line":62,"column":139}},"line":62}},"branchMap":{"0":{"loc":{"start":{"line":19,"column":8},"end":{"line":21,"column":9}},"type":"if","locations":[{"start":{"line":19,"column":8},"end":{"line":21,"column":9}},{"start":{},"end":{}}],"line":19},"1":{"loc":{"start":{"line":19,"column":12},"end":{"line":19,"column":95}},"type":"binary-expr","locations":[{"start":{"line":19,"column":12},"end":{"line":19,"column":21}},{"start":{"line":19,"column":25},"end":{"line":19,"column":30}},{"start":{"line":19,"column":34},"end":{"line":19,"column":43}},{"start":{"line":19,"column":47},"end":{"line":19,"column":63}},{"start":{"line":19,"column":67},"end":{"line":19,"column":95}}],"line":19},"2":{"loc":{"start":{"line":31,"column":12},"end":{"line":39,"column":13}},"type":"if","locations":[{"start":{"line":31,"column":12},"end":{"line":39,"column":13}},{"start":{},"end":{}}],"line":31}},"s":{"0":1,"1":1,"2":1,"3":1,"4":1,"5":1,"6":1,"7":0,"8":1,"9":1,"10":0,"11":0,"12":1,"13":0,"14":0,"15":0,"16":0,"17":0,"18":0,"19":0,"20":0,"21":0,"22":0,"23":0,"24":0,"25":0,"26":1,"27":1,"28":1,"29":0,"30":0,"31":0,"32":1,"33":0,"34":0,"35":0,"36":0,"37":0},"f":{"0":1,"1":0,"2":1,"3":0,"4":0,"5":0,"6":0,"7":0,"8":1,"9":0,"10":0,"11":0,"12":0,"13":0,"14":0},"b":{"0":[0,0],"1":[0,0,0,0,0],"2":[0,0]},"_coverageSchema":"1a1c01bbd47fc00a2c39e90264f33305004495a9","hash":"05c19e4f739efee867878ecabb67c7296deda0fe"}
,"/Users/kevintseng/Docker-Storm/src/server/models/dockerStormModel.ts": {"path":"/Users/kevintseng/Docker-Storm/src/server/models/dockerStormModel.ts","statementMap":{"0":{"start":{"line":1,"column":0},"end":{"line":1,"column":null}},"1":{"start":{"line":2,"column":0},"end":{"line":2,"column":null}},"2":{"start":{"line":3,"column":0},"end":{"line":3,"column":null}},"3":{"start":{"line":5,"column":17},"end":{"line":5,"column":12}},"4":{"start":{"line":7,"column":15},"end":{"line":7,"column":39}},"5":{"start":{"line":10,"column":13},"end":{"line":12,"column":2}},"6":{"start":{"line":14,"column":11},"end":{"line":19,"column":null}},"7":{"start":{"line":16,"column":4},"end":{"line":16,"column":null}},"8":{"start":{"line":17,"column":4},"end":{"line":17,"column":null}},"9":{"start":{"line":21,"column":0},"end":{"line":21,"column":null}}},"fnMap":{"0":{"name":"query","decl":{"start":{"line":15,"column":9},"end":{"line":15,"column":10}},"loc":{"start":{"line":15,"column":44},"end":{"line":18,"column":null}}}},"branchMap":{},"s":{"0":2,"1":2,"2":2,"3":2,"4":2,"5":2,"6":2,"7":5,"8":5,"9":2},"f":{"0":5},"b":{}}
}
